C:\USERS\DELL\DESKTOP\入侵检测\DEBUG\入侵检测.EXE
C:\USERS\DELL\DESKTOP\入侵检测\DEBUG\入侵检测.ILK
C:\USERS\DELL\DESKTOP\入侵检测\DEBUG\入侵检测.PDB
C:\USERS\DELL\DESKTOP\入侵检测\入侵检测\DEBUG\BASE_CAP.OBJ
C:\USERS\DELL\DESKTOP\入侵检测\入侵检测\DEBUG\CAP_SEND.OBJ
C:\USERS\DELL\DESKTOP\入侵检测\入侵检测\DEBUG\INIT_DEV_COMM.OBJ
C:\USERS\DELL\DESKTOP\入侵检测\入侵检测\DEBUG\INIT_FILE.OBJ
C:\USERS\DELL\DESKTOP\入侵检测\入侵检测\DEBUG\LISTEN_BASE.OBJ
C:\USERS\DELL\DESKTOP\入侵检测\入侵检测\DEBUG\MAIN.OBJ
C:\USERS\DELL\DESKTOP\入侵检测\入侵检测\DEBUG\OTHER_LISTEN.OBJ
C:\USERS\DELL\DESKTOP\入侵检测\入侵检测\DEBUG\SEND_PACKET_TEST.OBJ
C:\USERS\DELL\DESKTOP\入侵检测\入侵检测\DEBUG\TOOL.OBJ
C:\USERS\DELL\DESKTOP\入侵检测\入侵检测\DEBUG\VC100.PDB
C:\USERS\DELL\DESKTOP\入侵检测\入侵检测\DEBUG\WRITE_CAP.OBJ
C:\USERS\DELL\DESKTOP\入侵检测\入侵检测\DEBUG\入侵检测.EXE.INTERMEDIATE.MANIFEST
D:\ORANGE\C ++\入侵检测\DEBUG\入侵检测.EXE
D:\ORANGE\C ++\入侵检测\DEBUG\入侵检测.ILK
D:\ORANGE\C ++\入侵检测\DEBUG\入侵检测.PDB
D:\ORANGE\C ++\入侵检测\入侵检测\DEBUG\BASE_CAP.OBJ
D:\ORANGE\C ++\入侵检测\入侵检测\DEBUG\CAP_SEND.OBJ
D:\ORANGE\C ++\入侵检测\入侵检测\DEBUG\INIT_DEV_COMM.OBJ
D:\ORANGE\C ++\入侵检测\入侵检测\DEBUG\INIT_FILE.OBJ
D:\ORANGE\C ++\入侵检测\入侵检测\DEBUG\LISTEN_BASE.OBJ
D:\ORANGE\C ++\入侵检测\入侵检测\DEBUG\MAIN.OBJ
D:\ORANGE\C ++\入侵检测\入侵检测\DEBUG\OTHER_LISTEN.OBJ
D:\ORANGE\C ++\入侵检测\入侵检测\DEBUG\SEND_PACKET_TEST.OBJ
D:\ORANGE\C ++\入侵检测\入侵检测\DEBUG\TOOL.OBJ
D:\ORANGE\C ++\入侵检测\入侵检测\DEBUG\VC100.PDB
D:\ORANGE\C ++\入侵检测\入侵检测\DEBUG\WRITE_CAP.OBJ
D:\ORANGE\C ++\入侵检测\入侵检测\DEBUG\环境测试.OBJ
D:\ORANGE\C ++\入侵检测\入侵检测\DEBUG\入侵检测.EXE.INTERMEDIATE.MANIFEST
E:\代码备份\嗅探服务器\入侵检测\Debug\入侵检测.exe
E:\代码备份\嗅探服务器\入侵检测\Debug\入侵检测.ilk
E:\代码备份\嗅探服务器\入侵检测\Debug\入侵检测.pdb
E:\代码备份\嗅探服务器\入侵检测\入侵检测\Debug\base_cap.obj
E:\代码备份\嗅探服务器\入侵检测\入侵检测\Debug\cap_send.obj
E:\代码备份\嗅探服务器\入侵检测\入侵检测\Debug\cl.command.1.tlog
E:\代码备份\嗅探服务器\入侵检测\入侵检测\Debug\CL.read.1.tlog
E:\代码备份\嗅探服务器\入侵检测\入侵检测\Debug\CL.write.1.tlog
E:\代码备份\嗅探服务器\入侵检测\入侵检测\Debug\init_dev_comm.obj
E:\代码备份\嗅探服务器\入侵检测\入侵检测\Debug\init_file.obj
E:\代码备份\嗅探服务器\入侵检测\入侵检测\Debug\link.command.1.tlog
E:\代码备份\嗅探服务器\入侵检测\入侵检测\Debug\link.read.1.tlog
E:\代码备份\嗅探服务器\入侵检测\入侵检测\Debug\link.write.1.tlog
E:\代码备份\嗅探服务器\入侵检测\入侵检测\Debug\listen_base.obj
E:\代码备份\嗅探服务器\入侵检测\入侵检测\Debug\main.obj
E:\代码备份\嗅探服务器\入侵检测\入侵检测\Debug\mt.command.1.tlog
E:\代码备份\嗅探服务器\入侵检测\入侵检测\Debug\mt.read.1.tlog
E:\代码备份\嗅探服务器\入侵检测\入侵检测\Debug\mt.write.1.tlog
E:\代码备份\嗅探服务器\入侵检测\入侵检测\Debug\other_listen.obj
E:\代码备份\嗅探服务器\入侵检测\入侵检测\Debug\send_packet_test.obj
E:\代码备份\嗅探服务器\入侵检测\入侵检测\Debug\TOOL.obj
E:\代码备份\嗅探服务器\入侵检测\入侵检测\Debug\vc100.idb
E:\代码备份\嗅探服务器\入侵检测\入侵检测\Debug\vc100.pdb
E:\代码备份\嗅探服务器\入侵检测\入侵检测\Debug\write_cap.obj
E:\代码备份\嗅探服务器\入侵检测\入侵检测\Debug\环境测试.obj
E:\代码备份\嗅探服务器\入侵检测\入侵检测\Debug\入侵检测.exe.intermediate.manifest
E:\代码备份\嗅探服务器\入侵检测\入侵检测\Debug\入侵检测.vcxprojResolveAssemblyReference.cache
E:\代码备份\嗅探服务器\入侵检测\入侵检测\Debug\入侵检测.write.1.tlog
